This file contains any messages produced by compilers while
running configure, to aid debugging if configure makes a mistake.

configure:618: checking for nano
configure:681: checking for aspell
configure:1312: checking for gcc
configure:1425: checking whether the C compiler (cc  ) works
configure:1441: cc -o conftest    conftest.c  1>&5
configure:1438:1: warning: type specifier missing, defaults to 'int'; ISO C99 and later do not support implicit int [-Wimplicit-int]
 1438 | main(){return(0);}
      | ^
      | int
1 warning generated.
configure:1467: checking whether the C compiler (cc  ) is a cross-compiler
configure:1472: checking whether we are using GNU C
configure:1500: checking whether cc accepts -g
configure:1562: checking for a BSD compatible install
configure:1615: checking how to run the C preprocessor
configure:1696: checking whether cc needs -traditional
configure:1744: checking for library containing tgetent
configure:1806: checking for ANSI C header files
configure:1914: checking for dirent.h that defines DIR
configure:1952: checking for opendir in -ldir
configure:2035: checking for sys/wait.h that is POSIX.1 compatible
configure:2080: checking for sgtty.h
configure:2080: checking for sys/file.h
configure:2080: checking for sys/ioctl.h
configure:2080: checking for termios.h
configure:2080: checking for termio.h
configure:2080: checking for unistd.h
configure:2132: checking for off_t
configure:2165: checking for pid_t
configure:2198: checking return type of signal handlers
configure:2239: checking for wait3 that fills in rusage
configure:2303: checking for strerror
configure:2303: checking for dup2
configure:2303: checking for strchr
configure:2303: checking for sigaction
configure:2303: checking for sigmask
configure:2303: checking for strspn
configure:2303: checking for mkstemp
